<?xml version="1.0" encoding="UTF-8"?>
<!-- Generated by org.testng.reporters.JUnitReportReporter -->
<testsuite skipped="0" hostname="LAPTOP-KGC5D2TF" name="Pruebas.Laboratorio4_E2" tests="4" failures="0" timestamp="2020-05-24T19:54:55 ART" time="7.570" errors="0">
  <testcase name="f" time="2.351" classname="Pruebas.Laboratorio4_E2"/>
  <system-out/>
  <testcase name="ingreso" time="1.734" classname="Pruebas.Laboratorio4_E2"/>
  <system-out/>
  <testcase name="ingreso" time="1.798" classname="Pruebas.Laboratorio4_E2"/>
  <system-out/>
  <testcase name="ingreso" time="1.687" classname="Pruebas.Laboratorio4_E2"/>
  <system-out/>
</testsuite> <!-- Pruebas.Laboratorio4_E2 -->
