<?xml version="1.0" encoding="UTF-8"?>
<!-- Generated by org.testng.reporters.JUnitReportReporter -->
<testsuite skipped="0" hostname="LAPTOP-KGC5D2TF" name="Pruebas.Laboratorio3_E2" tests="2" failures="0" timestamp="2020-05-21T18:23:26 ART" time="5.459" errors="0">
  <testcase name="f" time="2.759" classname="Pruebas.Laboratorio3_E2"/>
  <system-out/>
  <testcase name="ingreso" time="2.700" classname="Pruebas.Laboratorio3_E2"/>
  <system-out/>
</testsuite> <!-- Pruebas.Laboratorio3_E2 -->
