<?xml version="1.0" encoding="UTF-8"?>
<!-- Generated by org.testng.reporters.JUnitReportReporter -->
<testsuite skipped="0" hostname="LAPTOP-KGC5D2TF" name="Pruebas.Laboratorio3_E1" tests="1" failures="0" timestamp="2020-05-20T19:01:26 ART" time="2.108" errors="0">
  <testcase name="registroUsuario" time="2.108" classname="Pruebas.Laboratorio3_E1"/>
  <system-out/>
</testsuite> <!-- Pruebas.Laboratorio3_E1 -->
